[[1;34mINFO[m] Scanning for projects...
[[1;34mINFO[m] 
[[1;34mINFO[m] [1m----------------< [0;36mcom.mycompany.app:ecommerce-project[0;1m >-----------------[m
[[1;34mINFO[m] [1mBuilding ecommerce-project 1.0-SNAPSHOT[m
[[1;34mINFO[m] [1m--------------------------------[ jar ]---------------------------------[m
[[1;34mINFO[m] 
[[1;34mINFO[m] [1m>>> [0;32mspring-boot-maven-plugin:2.5.4:run[m [1m(default-cli)[0;1m > [0;1mtest-compile[m @ [36mecommerce-project[0;1m >>>[m
[[1;34mINFO[m] 
[[1;34mINFO[m] [1m--- [0;32mmaven-resources-plugin:2.6:resources[m [1m(default-resources)[m @ [36mecommerce-project[0;1m ---[m
[[1;33mWARNING[m] Using platform encoding (UTF-8 actually) to copy filtered resources, i.e. build is platform dependent!
[[1;34mINFO[m] Copying 1 resource
[[1;34mINFO[m] 
[[1;34mINFO[m] [1m--- [0;32mmaven-compiler-plugin:3.1:compile[m [1m(default-compile)[m @ [36mecommerce-project[0;1m ---[m
[[1;34mINFO[m] Nothing to compile - all classes are up to date
[[1;34mINFO[m] 
[[1;34mINFO[m] [1m--- [0;32mmaven-resources-plugin:2.6:testResources[m [1m(default-testResources)[m @ [36mecommerce-project[0;1m ---[m
[[1;33mWARNING[m] Using platform encoding (UTF-8 actually) to copy filtered resources, i.e. build is platform dependent!
[[1;34mINFO[m] skip non existing resourceDirectory /home/ubuntu/ecommerce-project/backend/src/test/resources
[[1;34mINFO[m] 
[[1;34mINFO[m] [1m--- [0;32mmaven-compiler-plugin:3.1:testCompile[m [1m(default-testCompile)[m @ [36mecommerce-project[0;1m ---[m
[[1;34mINFO[m] Nothing to compile - all classes are up to date
[[1;34mINFO[m] 
[[1;34mINFO[m] [1m<<< [0;32mspring-boot-maven-plugin:2.5.4:run[m [1m(default-cli)[0;1m < [0;1mtest-compile[m @ [36mecommerce-project[0;1m <<<[m
[[1;34mINFO[m] 
[[1;34mINFO[m] 
[[1;34mINFO[m] [1m--- [0;32mspring-boot-maven-plugin:2.5.4:run[m [1m(default-cli)[m @ [36mecommerce-project[0;1m ---[m
[[1;34mINFO[m] Attaching agents: []

  .   ____          _            __ _ _
 /\\ / ___'_ __ _ _(_)_ __  __ _ \ \ \ \
( ( )\___ | '_ | '_| | '_ \/ _` | \ \ \ \
 \\/  ___)| |_)| | | | | || (_| |  ) ) ) )
  '  |____| .__|_| |_|_| |_\__, | / / / /
 =========|_|==============|___/=/_/_/_/
 :: Spring Boot ::                (v2.5.4)

2025-03-06 11:26:24.223  INFO 1211 --- [           main] com.mycompany.app.EcommerceApplication   : Starting EcommerceApplication using Java 17.0.14 on ip-172-31-93-142 with PID 1211 (/home/ubuntu/ecommerce-project/backend/target/classes started by ubuntu in /home/ubuntu/ecommerce-project/backend)
2025-03-06 11:26:24.225  INFO 1211 --- [           main] com.mycompany.app.EcommerceApplication   : No active profile set, falling back to default profiles: default
2025-03-06 11:26:25.137  INFO 1211 --- [           main] o.s.b.w.embedded.tomcat.TomcatWebServer  : Tomcat initialized with port(s): 9999 (http)
2025-03-06 11:26:25.146  INFO 1211 --- [           main] o.apache.catalina.core.StandardService   : Starting service [Tomcat]
2025-03-06 11:26:25.147  INFO 1211 --- [           main] org.apache.catalina.core.StandardEngine  : Starting Servlet engine: [Apache Tomcat/9.0.52]
2025-03-06 11:26:25.201  INFO 1211 --- [           main] o.a.c.c.C.[Tomcat].[localhost].[/]       : Initializing Spring embedded WebApplicationContext
2025-03-06 11:26:25.202  INFO 1211 --- [           main] w.s.c.ServletWebServerApplicationContext : Root WebApplicationContext: initialization completed in 910 ms
2025-03-06 11:26:25.566 DEBUG 1211 --- [           main] s.w.s.m.m.a.RequestMappingHandlerAdapter : ControllerAdvice beans: 0 @ModelAttribute, 0 @InitBinder, 1 RequestBodyAdvice, 1 ResponseBodyAdvice
2025-03-06 11:26:25.642 DEBUG 1211 --- [           main] s.w.s.m.m.a.RequestMappingHandlerMapping : 3 mappings in 'requestMappingHandlerMapping'
2025-03-06 11:26:25.664 DEBUG 1211 --- [           main] o.s.w.s.handler.SimpleUrlHandlerMapping  : Patterns [/webjars/**, /**] in 'resourceHandlerMapping'
2025-03-06 11:26:25.673 DEBUG 1211 --- [           main] .m.m.a.ExceptionHandlerExceptionResolver : ControllerAdvice beans: 0 @ExceptionHandler, 1 ResponseBodyAdvice
2025-03-06 11:26:25.719  WARN 1211 --- [           main] ConfigServletWebServerApplicationContext : Exception encountered during context initialization - cancelling refresh attempt: org.springframework.context.ApplicationContextException: Failed to start bean 'webServerStartStop'; nested exception is org.springframework.boot.web.server.PortInUseException: Port 9999 is already in use
2025-03-06 11:26:25.723  INFO 1211 --- [           main] o.apache.catalina.core.StandardService   : Stopping service [Tomcat]
2025-03-06 11:26:25.740  INFO 1211 --- [           main] ConditionEvaluationReportLoggingListener : 

Error starting ApplicationContext. To display the conditions report re-run your application with 'debug' enabled.
2025-03-06 11:26:25.759 ERROR 1211 --- [           main] o.s.b.d.LoggingFailureAnalysisReporter   : 

***************************
APPLICATION FAILED TO START
***************************

Description:

Web server failed to start. Port 9999 was already in use.

Action:

Identify and stop the process that's listening on port 9999 or configure this application to listen on another port.

[[1;34mINFO[m] [1m------------------------------------------------------------------------[m
[[1;34mINFO[m] [1;31mBUILD FAILURE[m
[[1;34mINFO[m] [1m------------------------------------------------------------------------[m
[[1;34mINFO[m] Total time:  4.750 s
[[1;34mINFO[m] Finished at: 2025-03-06T11:26:25Z
[[1;34mINFO[m] [1m------------------------------------------------------------------------[m
[[1;31mERROR[m] Failed to execute goal [32morg.springframework.boot:spring-boot-maven-plugin:2.5.4:run[m [1m(default-cli)[m on project [36mecommerce-project[m: [1;31mApplication finished with exit code: 1[m -> [1m[Help 1][m
[[1;31mERROR[m] 
[[1;31mERROR[m] To see the full stack trace of the errors, re-run Maven with the [1m-e[m switch.
[[1;31mERROR[m] Re-run Maven using the [1m-X[m switch to enable full debug logging.
[[1;31mERROR[m] 
[[1;31mERROR[m] For more information about the errors and possible solutions, please read the following articles:
[[1;31mERROR[m] [1m[Help 1][m http://cwiki.apache.org/confluence/display/MAVEN/MojoExecutionException
[[1;34mINFO[m] Scanning for projects...
[[1;34mINFO[m] 
[[1;34mINFO[m] [1m----------------< [0;36mcom.mycompany.app:ecommerce-project[0;1m >-----------------[m
[[1;34mINFO[m] [1mBuilding ecommerce-project 1.0-SNAPSHOT[m
[[1;34mINFO[m] [1m--------------------------------[ jar ]---------------------------------[m
[[1;34mINFO[m] 
[[1;34mINFO[m] [1m>>> [0;32mspring-boot-maven-plugin:2.5.4:run[m [1m(default-cli)[0;1m > [0;1mtest-compile[m @ [36mecommerce-project[0;1m >>>[m
[[1;34mINFO[m] 
[[1;34mINFO[m] [1m--- [0;32mmaven-resources-plugin:2.6:resources[m [1m(default-resources)[m @ [36mecommerce-project[0;1m ---[m
[[1;33mWARNING[m] Using platform encoding (UTF-8 actually) to copy filtered resources, i.e. build is platform dependent!
[[1;34mINFO[m] Copying 1 resource
[[1;34mINFO[m] 
[[1;34mINFO[m] [1m--- [0;32mmaven-compiler-plugin:3.1:compile[m [1m(default-compile)[m @ [36mecommerce-project[0;1m ---[m
[[1;34mINFO[m] Nothing to compile - all classes are up to date
[[1;34mINFO[m] 
[[1;34mINFO[m] [1m--- [0;32mmaven-resources-plugin:2.6:testResources[m [1m(default-testResources)[m @ [36mecommerce-project[0;1m ---[m
[[1;33mWARNING[m] Using platform encoding (UTF-8 actually) to copy filtered resources, i.e. build is platform dependent!
[[1;34mINFO[m] skip non existing resourceDirectory /home/ubuntu/ecommerce-project/backend/src/test/resources
[[1;34mINFO[m] 
[[1;34mINFO[m] [1m--- [0;32mmaven-compiler-plugin:3.1:testCompile[m [1m(default-testCompile)[m @ [36mecommerce-project[0;1m ---[m
[[1;34mINFO[m] Nothing to compile - all classes are up to date
[[1;34mINFO[m] 
[[1;34mINFO[m] [1m<<< [0;32mspring-boot-maven-plugin:2.5.4:run[m [1m(default-cli)[0;1m < [0;1mtest-compile[m @ [36mecommerce-project[0;1m <<<[m
[[1;34mINFO[m] 
[[1;34mINFO[m] 
[[1;34mINFO[m] [1m--- [0;32mspring-boot-maven-plugin:2.5.4:run[m [1m(default-cli)[m @ [36mecommerce-project[0;1m ---[m
[[1;34mINFO[m] Attaching agents: []

  .   ____          _            __ _ _
 /\\ / ___'_ __ _ _(_)_ __  __ _ \ \ \ \
( ( )\___ | '_ | '_| | '_ \/ _` | \ \ \ \
 \\/  ___)| |_)| | | | | || (_| |  ) ) ) )
  '  |____| .__|_| |_|_| |_\__, | / / / /
 =========|_|==============|___/=/_/_/_/
 :: Spring Boot ::                (v2.5.4)

2025-03-06 11:27:31.747  INFO 1277 --- [           main] com.mycompany.app.EcommerceApplication   : Starting EcommerceApplication using Java 17.0.14 on ip-172-31-93-142 with PID 1277 (/home/ubuntu/ecommerce-project/backend/target/classes started by ubuntu in /home/ubuntu/ecommerce-project/backend)
2025-03-06 11:27:31.750  INFO 1277 --- [           main] com.mycompany.app.EcommerceApplication   : No active profile set, falling back to default profiles: default
2025-03-06 11:27:32.650  INFO 1277 --- [           main] o.s.b.w.embedded.tomcat.TomcatWebServer  : Tomcat initialized with port(s): 9999 (http)
2025-03-06 11:27:32.658  INFO 1277 --- [           main] o.apache.catalina.core.StandardService   : Starting service [Tomcat]
2025-03-06 11:27:32.661  INFO 1277 --- [           main] org.apache.catalina.core.StandardEngine  : Starting Servlet engine: [Apache Tomcat/9.0.52]
2025-03-06 11:27:32.716  INFO 1277 --- [           main] o.a.c.c.C.[Tomcat].[localhost].[/]       : Initializing Spring embedded WebApplicationContext
2025-03-06 11:27:32.716  INFO 1277 --- [           main] w.s.c.ServletWebServerApplicationContext : Root WebApplicationContext: initialization completed in 916 ms
2025-03-06 11:27:33.068 DEBUG 1277 --- [           main] s.w.s.m.m.a.RequestMappingHandlerAdapter : ControllerAdvice beans: 0 @ModelAttribute, 0 @InitBinder, 1 RequestBodyAdvice, 1 ResponseBodyAdvice
2025-03-06 11:27:33.133 DEBUG 1277 --- [           main] s.w.s.m.m.a.RequestMappingHandlerMapping : 3 mappings in 'requestMappingHandlerMapping'
2025-03-06 11:27:33.153 DEBUG 1277 --- [           main] o.s.w.s.handler.SimpleUrlHandlerMapping  : Patterns [/webjars/**, /**] in 'resourceHandlerMapping'
2025-03-06 11:27:33.163 DEBUG 1277 --- [           main] .m.m.a.ExceptionHandlerExceptionResolver : ControllerAdvice beans: 0 @ExceptionHandler, 1 ResponseBodyAdvice
2025-03-06 11:27:33.209  WARN 1277 --- [           main] ConfigServletWebServerApplicationContext : Exception encountered during context initialization - cancelling refresh attempt: org.springframework.context.ApplicationContextException: Failed to start bean 'webServerStartStop'; nested exception is org.springframework.boot.web.server.PortInUseException: Port 9999 is already in use
2025-03-06 11:27:33.213  INFO 1277 --- [           main] o.apache.catalina.core.StandardService   : Stopping service [Tomcat]
2025-03-06 11:27:33.228  INFO 1277 --- [           main] ConditionEvaluationReportLoggingListener : 

Error starting ApplicationContext. To display the conditions report re-run your application with 'debug' enabled.
2025-03-06 11:27:33.244 ERROR 1277 --- [           main] o.s.b.d.LoggingFailureAnalysisReporter   : 

***************************
APPLICATION FAILED TO START
***************************

Description:

Web server failed to start. Port 9999 was already in use.

Action:

Identify and stop the process that's listening on port 9999 or configure this application to listen on another port.

[[1;34mINFO[m] [1m------------------------------------------------------------------------[m
[[1;34mINFO[m] [1;31mBUILD FAILURE[m
[[1;34mINFO[m] [1m------------------------------------------------------------------------[m
[[1;34mINFO[m] Total time:  4.759 s
[[1;34mINFO[m] Finished at: 2025-03-06T11:27:33Z
[[1;34mINFO[m] [1m------------------------------------------------------------------------[m
[[1;31mERROR[m] Failed to execute goal [32morg.springframework.boot:spring-boot-maven-plugin:2.5.4:run[m [1m(default-cli)[m on project [36mecommerce-project[m: [1;31mApplication finished with exit code: 1[m -> [1m[Help 1][m
[[1;31mERROR[m] 
[[1;31mERROR[m] To see the full stack trace of the errors, re-run Maven with the [1m-e[m switch.
[[1;31mERROR[m] Re-run Maven using the [1m-X[m switch to enable full debug logging.
[[1;31mERROR[m] 
[[1;31mERROR[m] For more information about the errors and possible solutions, please read the following articles:
[[1;31mERROR[m] [1m[Help 1][m http://cwiki.apache.org/confluence/display/MAVEN/MojoExecutionException
